SF:lib/models/srt_word_model.dart
DA:12,4
DA:19,0
DA:20,0
DA:21,0
DA:22,0
DA:23,0
DA:24,0
DA:28,0
DA:29,0
DA:30,0
DA:31,0
DA:32,0
DA:33,0
LF:13
LH:1
end_of_record
SF:lib/utils/srt_clean.dart
DA:4,1
DA:8,1
DA:11,3
DA:12,3
DA:15,1
DA:16,2
DA:18,2
DA:19,2
DA:20,2
DA:23,2
DA:28,7
DA:34,1
DA:41,3
DA:42,4
DA:43,1
DA:45,3
DA:48,2
DA:51,1
DA:55,2
DA:58,1
LF:20
LH:20
end_of_record
SF:lib/models/abstracts/timming_model.dart
DA:6,0
LF:1
LH:0
end_of_record
SF:lib/models/srt_sentence_model.dart
DA:16,2
DA:26,0
DA:27,0
DA:28,0
DA:29,0
DA:30,0
DA:31,0
DA:32,0
DA:33,0
DA:36,0
DA:37,0
DA:38,0
DA:39,0
DA:40,0
DA:41,0
DA:42,0
DA:43,0
DA:44,0
DA:45,0
DA:46,0
DA:47,0
DA:48,0
LF:22
LH:1
end_of_record
SF:lib/utils/srt_subtitle.dart
DA:6,0
DA:7,0
DA:8,1
DA:9,1
DA:12,1
DA:16,1
DA:19,2
DA:21,4
DA:23,2
DA:25,4
DA:26,2
DA:27,1
DA:31,1
DA:38,1
DA:44,1
DA:47,1
DA:48,1
DA:52,2
DA:53,3
DA:54,3
DA:55,1
DA:58,2
DA:59,5
DA:61,3
DA:67,3
DA:71,1
DA:72,3
DA:78,1
DA:92,1
DA:93,1
DA:97,1
DA:98,1
DA:99,2
DA:100,1
DA:103,7
LF:35
LH:33
end_of_record
SF:lib/utils/sentence.dart
DA:22,1
DA:23,2
DA:26,1
DA:28,1
DA:34,5
DA:37,1
DA:41,4
DA:42,1
DA:45,1
DA:47,1
DA:48,2
DA:49,2
DA:51,2
DA:53,1
DA:54,1
DA:57,1
DA:63,3
DA:65,3
DA:70,4
DA:71,4
DA:76,6
DA:77,4
DA:84,1
DA:88,2
DA:90,2
DA:92,1
DA:94,1
DA:99,1
DA:100,1
DA:101,3
DA:102,1
DA:104,1
DA:107,1
DA:112,1
DA:115,1
DA:116,1
DA:117,1
DA:118,1
DA:120,2
DA:121,1
DA:122,1
DA:123,1
DA:124,1
DA:125,1
DA:129,1
DA:140,2
DA:145,2
DA:147,4
DA:148,2
DA:149,1
DA:150,2
DA:152,2
DA:154,1
DA:157,1
DA:165,1
DA:169,2
DA:175,1
DA:179,1
DA:186,1
DA:191,1
DA:193,2
DA:196,1
DA:200,2
DA:201,4
DA:203,1
DA:205,1
DA:206,1
DA:207,3
DA:216,1
DA:221,4
DA:222,1
DA:225,1
DA:226,1
DA:227,3
DA:228,1
DA:230,3
DA:231,5
DA:232,1
DA:233,3
DA:235,1
DA:236,1
DA:237,1
DA:238,1
DA:239,2
DA:240,2
DA:241,5
DA:243,1
DA:253,1
DA:257,1
DA:260,2
DA:261,1
DA:268,1
DA:269,1
DA:277,1
DA:278,1
DA:281,3
DA:282,1
DA:285,4
DA:286,3
DA:287,1
DA:290,3
DA:291,1
DA:293,1
DA:297,1
LF:104
LH:104
end_of_record
SF:lib/components/form/heading_form_component.dart
DA:7,1
DA:12,1
DA:14,1
DA:18,1
DA:21,1
DA:22,1
DA:23,1
DA:24,3
DA:26,1
DA:27,3
LF:10
LH:10
end_of_record
SF:lib/screens/views/editor/video/vignette_reader.dart
DA:10,2
DA:15,1
DA:17,1
DA:24,1
DA:26,1
DA:29,1
DA:31,1
DA:32,1
DA:33,3
DA:34,0
DA:44,2
DA:45,2
DA:46,3
DA:49,0
DA:50,0
DA:52,0
DA:53,0
DA:55,1
DA:58,1
DA:59,2
DA:60,1
DA:62,1
DA:63,1
DA:64,1
DA:66,2
DA:68,0
LF:26
LH:20
end_of_record
SF:lib/components/buttons/popover_button_component.dart
DA:9,1
DA:21,1
DA:28,1
DA:30,1
DA:32,2
DA:33,1
DA:34,1
DA:35,1
DA:36,2
DA:37,3
DA:38,1
DA:39,1
DA:40,3
DA:41,1
DA:44,2
DA:48,1
DA:51,1
DA:53,1
DA:54,1
DA:55,3
DA:56,1
DA:57,2
LF:22
LH:22
end_of_record
SF:lib/components/buttons/icon_button_component.dart
DA:8,2
DA:14,1
DA:16,1
DA:22,1
DA:24,1
DA:26,4
DA:27,0
DA:28,1
DA:29,2
DA:30,1
DA:31,2
DA:34,2
LF:12
LH:11
end_of_record
SF:lib/components/buttons/text_button_component.dart
DA:9,2
DA:16,1
DA:18,1
DA:19,1
DA:20,1
DA:21,1
DA:22,3
DA:23,1
DA:24,2
LF:9
LH:9
end_of_record
SF:lib/components/scaffold/nav_bar_item_component.dart
DA:10,2
DA:18,2
DA:20,2
DA:26,2
DA:30,2
DA:31,0
DA:32,0
DA:33,2
DA:34,4
DA:35,2
DA:36,2
DA:37,2
DA:39,2
DA:40,4
DA:41,6
DA:42,4
DA:45,2
DA:47,2
DA:48,4
DA:50,4
DA:51,6
DA:52,3
DA:53,6
DA:57,2
DA:58,4
DA:59,8
DA:60,4
DA:61,6
DA:62,3
DA:63,6
LF:30
LH:28
end_of_record
SF:lib/controllers/content_controller.dart
DA:12,0
DA:18,0
DA:22,0
DA:23,0
DA:24,0
DA:25,0
DA:27,0
DA:29,0
DA:32,0
DA:33,0
DA:36,0
DA:39,0
DA:43,0
DA:44,0
DA:51,0
DA:54,0
DA:55,0
DA:61,0
DA:64,0
DA:65,0
DA:71,0
DA:74,0
DA:75,0
DA:81,0
DA:84,0
DA:85,0
DA:91,0
DA:94,0
DA:95,0
DA:101,0
DA:104,0
DA:105,0
DA:111,0
DA:112,0
DA:113,0
DA:114,0
DA:118,0
DA:119,0
DA:121,0
DA:124,0
DA:126,0
DA:128,0
LF:42
LH:0
end_of_record
SF:lib/elements/forms/create_content/create_content_form_element_controller.dart
DA:13,1
DA:20,2
DA:22,1
DA:23,4
DA:27,1
DA:30,1
DA:31,4
DA:35,1
DA:38,1
DA:39,1
DA:41,3
DA:42,1
DA:45,3
DA:46,1
DA:47,4
DA:48,1
DA:51,4
DA:53,1
DA:56,1
DA:59,1
DA:60,2
DA:63,1
DA:64,1
DA:65,1
DA:66,1
DA:67,2
DA:68,2
DA:72,2
DA:73,2
DA:78,0
DA:79,0
DA:80,0
DA:82,0
DA:84,0
DA:86,0
DA:88,0
LF:36
LH:29
end_of_record
SF:lib/services/content_service.dart
DA:7,8
DA:9,0
DA:10,0
DA:11,0
DA:14,0
DA:15,0
DA:16,0
DA:18,0
DA:20,0
DA:21,0
DA:22,0
DA:24,0
DA:26,0
DA:29,0
DA:30,0
DA:31,0
DA:34,0
DA:36,0
DA:37,0
DA:38,0
DA:39,0
DA:41,0
DA:42,0
DA:43,0
DA:45,0
DA:47,0
DA:48,0
DA:51,0
DA:52,0
DA:53,0
DA:57,0
DA:64,0
DA:65,0
DA:67,0
DA:68,0
DA:69,0
DA:71,0
DA:74,0
DA:75,0
DA:80,0
DA:81,0
DA:82,0
DA:83,0
DA:85,0
DA:88,0
DA:89,0
DA:90,0
LF:47
LH:1
end_of_record
SF:lib/models/content_model.dart
DA:15,2
DA:28,0
DA:29,0
DA:30,0
DA:31,0
DA:32,0
DA:33,0
DA:34,0
DA:35,0
DA:36,0
DA:37,0
DA:38,0
DA:39,0
DA:42,0
DA:43,0
DA:44,0
DA:45,0
DA:46,0
DA:47,0
DA:48,0
DA:49,0
DA:50,0
DA:51,0
DA:52,0
DA:53,0
DA:56,1
DA:58,1
DA:59,1
DA:60,1
DA:61,1
DA:62,2
DA:63,2
DA:64,2
DA:65,2
DA:66,2
DA:67,2
DA:68,2
DA:72,2
DA:74,1
LF:39
LH:15
end_of_record
SF:lib/controllers/config_controller.dart
DA:6,2
DA:8,2
DA:9,0
DA:11,0
DA:14,0
DA:16,0
DA:18,0
DA:25,1
DA:30,2
DA:37,1
DA:38,1
DA:39,1
DA:42,2
DA:45,0
DA:49,0
DA:50,0
DA:53,0
DA:58,0
DA:62,4
DA:63,2
DA:64,2
LF:21
LH:11
end_of_record
SF:lib/elements/forms/create_content/create_content_state.dart
DA:9,1
DA:16,1
DA:17,1
DA:18,2
DA:19,2
DA:20,2
DA:21,2
DA:24,1
DA:25,1
DA:26,1
DA:27,1
DA:28,1
DA:29,1
DA:32,0
DA:33,0
DA:34,0
DA:35,0
DA:36,0
DA:37,0
LF:19
LH:13
end_of_record
SF:lib/models/project_model.dart
DA:12,2
DA:22,0
DA:23,0
DA:24,0
DA:25,0
DA:26,0
DA:27,0
DA:28,0
DA:29,0
DA:30,0
DA:33,0
DA:34,0
DA:35,0
DA:36,0
DA:37,0
DA:38,0
DA:39,0
DA:40,0
DA:41,0
DA:44,1
DA:45,1
DA:46,2
DA:47,2
DA:48,2
DA:49,2
DA:50,2
DA:51,2
DA:52,3
LF:28
LH:10
end_of_record
SF:lib/services/config_service.dart
DA:12,1
DA:20,2
DA:21,0
DA:23,0
DA:24,0
DA:26,0
DA:27,0
DA:30,0
DA:32,0
DA:33,0
DA:38,0
DA:39,0
DA:42,0
DA:43,0
DA:44,0
DA:48,0
DA:53,0
DA:58,0
DA:60,0
DA:61,0
DA:64,0
DA:65,0
DA:68,0
DA:69,0
DA:71,0
DA:72,0
DA:73,0
DA:75,0
DA:80,0
DA:84,0
DA:86,0
DA:87,0
DA:90,0
DA:92,0
DA:93,0
DA:97,0
DA:98,0
DA:100,0
DA:102,0
DA:104,0
DA:106,0
DA:108,0
DA:114,0
DA:120,0
DA:121,0
DA:122,0
DA:123,0
LF:47
LH:2
end_of_record
SF:lib/controllers/loading_controller.dart
DA:5,3
DA:7,3
DA:9,0
DA:11,1
DA:15,2
DA:16,1
DA:17,1
DA:18,1
DA:22,1
DA:23,2
DA:24,1
DA:25,1
DA:29,0
DA:33,0
DA:34,0
DA:35,0
DA:40,2
DA:41,1
DA:42,2
LF:19
LH:14
end_of_record
SF:lib/models/progress_state_model.dart
DA:7,0
DA:14,0
DA:16,0
DA:22,0
DA:23,0
DA:24,0
DA:25,0
DA:26,0
LF:8
LH:0
end_of_record
SF:lib/controllers/upload_controller.dart
DA:12,1
DA:17,3
DA:19,1
DA:21,1
DA:26,3
DA:27,4
DA:31,2
DA:33,3
DA:37,1
DA:40,2
DA:44,1
DA:45,4
DA:46,2
DA:47,1
DA:50,1
DA:52,3
DA:56,2
DA:57,1
DA:58,0
DA:59,0
DA:60,0
LF:21
LH:18
end_of_record
SF:lib/models/upload_state_model.dart
DA:11,1
DA:17,1
DA:21,1
DA:22,1
DA:23,0
DA:24,1
DA:32,1
DA:34,1
DA:37,1
DA:38,0
LF:10
LH:8
end_of_record
SF:lib/services/video_service.dart
DA:11,0
DA:12,0
DA:13,0
DA:14,0
DA:17,0
DA:18,0
DA:19,0
DA:22,0
DA:23,0
DA:24,0
DA:25,0
DA:29,0
DA:33,0
DA:34,0
DA:35,0
DA:36,0
DA:39,0
DA:40,0
LF:18
LH:0
end_of_record
SF:lib/controllers/project_controller.dart
DA:8,1
DA:10,2
DA:15,1
DA:16,4
DA:21,1
DA:22,4
DA:27,1
DA:28,2
DA:29,5
DA:31,1
DA:34,2
DA:38,0
DA:39,0
DA:40,0
DA:41,0
LF:15
LH:11
end_of_record
SF:lib/controllers/reader_content_controller.dart
DA:11,1
DA:16,1
DA:18,2
DA:20,1
DA:23,2
DA:26,2
DA:27,1
DA:30,2
DA:32,1
DA:35,1
DA:37,2
DA:42,0
DA:43,0
DA:44,0
DA:45,0
DA:46,0
LF:16
LH:11
end_of_record
SF:lib/models/feed_model.dart
DA:10,1
DA:18,0
DA:19,0
DA:20,0
DA:21,0
DA:22,0
DA:23,0
DA:24,0
DA:27,0
DA:28,0
DA:29,0
DA:30,0
DA:31,0
DA:32,0
DA:33,0
DA:36,0
DA:37,0
DA:38,0
DA:39,0
DA:40,0
DA:41,0
DA:42,0
LF:22
LH:1
end_of_record
SF:lib/services/parse_service.dart
DA:7,0
DA:8,0
DA:9,0
DA:11,0
DA:12,0
DA:14,0
DA:15,0
DA:17,0
DA:22,0
DA:23,0
DA:25,0
DA:27,0
DA:32,0
DA:33,0
DA:35,0
DA:36,0
DA:38,0
DA:42,0
DA:43,0
DA:46,0
DA:47,0
DA:48,0
DA:51,0
DA:52,0
DA:55,0
DA:56,0
DA:62,0
DA:63,0
DA:65,0
LF:29
LH:0
end_of_record
SF:lib/models/link_model.dart
DA:6,1
DA:10,0
DA:11,0
DA:12,0
DA:15,0
DA:16,0
DA:17,0
DA:20,0
DA:21,0
DA:22,0
LF:10
LH:1
end_of_record
SF:lib/utils/clean_content_from_html.dart
DA:1,0
DA:2,0
DA:3,0
DA:4,0
DA:5,0
DA:8,0
DA:11,0
DA:12,0
DA:13,0
DA:18,0
DA:25,0
LF:11
LH:0
end_of_record
SF:lib/controllers/page_controller.dart
DA:7,2
DA:8,3
DA:11,1
DA:12,5
DA:13,4
DA:17,1
DA:18,2
DA:21,1
DA:23,3
DA:24,2
DA:26,1
DA:30,2
DA:31,1
DA:32,0
DA:33,0
LF:15
LH:13
end_of_record
SF:lib/gateway/open_ai_gateway.dart
DA:10,0
DA:11,0
DA:14,0
DA:18,0
DA:21,0
DA:22,0
DA:26,0
DA:28,0
DA:32,0
DA:35,0
DA:43,0
DA:46,0
DA:52,0
DA:53,0
DA:55,0
DA:60,0
DA:63,0
DA:66,0
DA:70,0
DA:73,0
DA:74,0
DA:75,0
DA:76,0
DA:77,0
DA:78,0
DA:79,0
DA:81,0
DA:82,0
DA:83,0
LF:29
LH:0
end_of_record
SF:lib/models/video_section_model.dart
DA:14,1
DA:22,0
DA:23,0
DA:24,0
DA:25,0
DA:26,0
DA:27,0
DA:30,0
DA:31,0
DA:32,0
DA:33,0
DA:34,0
DA:35,0
DA:36,0
DA:39,1
DA:46,1
DA:47,1
DA:48,0
DA:49,1
DA:50,1
DA:51,1
LF:21
LH:7
end_of_record
SF:lib/services/section_service.dart
DA:11,1
DA:15,1
DA:16,1
DA:19,1
DA:21,2
DA:25,2
DA:26,1
DA:27,1
DA:28,1
DA:30,1
DA:33,2
DA:35,1
DA:36,2
DA:37,1
DA:52,2
DA:53,1
DA:61,1
DA:62,2
DA:63,1
DA:75,1
DA:80,1
DA:81,1
DA:83,1
DA:84,1
DA:85,1
DA:92,1
DA:94,2
DA:95,1
DA:96,1
DA:97,1
DA:98,1
DA:104,1
DA:106,1
DA:111,2
DA:115,1
DA:116,1
DA:117,1
DA:124,1
LF:38
LH:38
end_of_record
